20240218	04:45:52	3b2fe427-31c8-4d1e-9535-13aba0fcd9ea	GET	/	undefined
20240218	04:45:52	7e65a6bc-0fb6-430b-9366-7cb7fdc07fec	GET	/css/style.css	undefined
20240218	04:45:52	307d1abd-c4ce-41f8-9643-cb1e6df73224	GET	/favicon.ico	undefined
20240218	04:46:05	b1fc69bf-3bc7-4877-aef9-12ef5305e07c	GET	/pg	undefined
20240218	04:46:05	3a67e64e-ddb3-48e3-8032-b829684b5566	GET	/css/style.css	undefined
20240218	04:46:12	e0fe045e-f88c-4bd1-a099-5035ad6effaa	GET	/	undefined
20240218	04:46:12	a618d09c-9c37-43b9-b5ef-b46f8cf37cf8	GET	/css/style.css	undefined
20240218	04:46:47	e8abbadb-6792-476e-96c3-898087b9c536	GET	/player	undefined
20240218	04:46:47	b2d8ae5d-6678-4f01-82c7-4837767627af	GET	/css/style.css	undefined
20240218	04:46:53	06cd9e01-8e69-4b83-b4d6-e144ffe4c0d9	GET	/player/stats	undefined
20240218	04:46:53	cea3d732-e86e-44a5-bd73-93a48b876903	GET	/player/css/style.css	undefined
20240218	04:47:00	389af841-5a58-4314-ac8b-6bfddc6359a5	GET	/stats	undefined
20240218	04:47:00	3b99921a-3fae-4e2d-be98-fd37faac6b4a	GET	/css/style.css	undefined
20240218	04:49:15	40aa22db-37e6-4847-affd-b286fdf6e887	GET	/player	undefined
20240218	04:49:15	e931f5bd-82ec-4023-85e7-49eafb6ff016	GET	/css/style.css	undefined
20240218	04:49:41	7122b412-4d33-4709-8c75-7aabf1a93b5f	GET	/player	undefined
20240218	04:49:41	458a654b-0cf2-4f17-bc3f-684973617300	GET	/css/style.css	undefined
20240218	04:50:53	89d4db54-001b-4e5a-a189-803fe64df941	GET	/player	undefined
20240218	04:50:53	bdc8477a-dcd8-40d6-b31c-cf0f00ffd81d	GET	/css/style.css	undefined
20240218	04:50:57	7ba4ff63-caba-4bf9-b4bf-6c6c6a041e51	GET	/player/stats	undefined
20240218	04:56:57	51ed8546-683d-4b15-849e-46a5a2de0848	GET	/avg	undefined
20240218	04:56:57	0d8fe0bc-0ee6-47c5-8c3a-755f0cefc968	GET	/css/style.css	undefined
20240218	04:57:41	7bad0e81-cc2d-426b-868a-dbc2b56c860c	GET	/	undefined
20240218	04:57:41	beebf8d3-c4c2-44bd-8125-52e0415640bb	GET	/css/style.css	undefined
20240218	04:57:51	93afc521-a31c-4fce-a145-9f62a594b8f3	GET	/player/stats	undefined
20240218	04:58:00	d53f13d3-ccc9-4f8c-90b5-7c3bc6391bc7	GET	/avg/stats	undefined
20240218	04:58:04	d45fc5f8-8ed8-4434-9bdf-3dfece32ec47	GET	/avg/pg	undefined
20240218	04:58:04	3c708d51-e58d-457e-8c21-13e496b82a8e	GET	/avg/css/style.css	undefined
20240218	04:58:08	aba38eab-ec80-49e9-a528-10aadd1af107	GET	/avg/sg	undefined
20240218	04:58:08	892f25b4-0eac-465b-b10b-cb816b63cc27	GET	/avg/css/style.css	undefined
20240218	04:58:15	dc4bf50a-1dfb-4662-9cab-85d37db033d7	GET	/avg/stats/pg	undefined
20240218	04:58:26	86ffec1a-0d6b-44c6-b11c-8ef83c820a2a	GET	/avg/stats/sf	undefined
20240218	05:06:36	a92a3df2-877b-4ce4-ba76-1394a6c1b347	GET	/avg/pg	undefined
20240218	05:06:41	00ce947f-c086-4716-8aa6-1fb274a5d25e	GET	/avg/c	undefined
